<?xml version="1.0" encoding="UTF-8"?>
<!-- Generated by org.testng.reporters.JUnitReportReporter -->
<testsuite hostname="PENNANT-VSP211" failures="0" tests="2" name="test.TestEmploymentInductionDocumentService" time="0.005" errors="0" timestamp="2023-07-07T15:55:47 IST" skipped="0">
  <testcase classname="test.TestEmploymentInductionDocumentService" name="testGetAllDocuments" time="0.002"/>
  <testcase classname="test.TestEmploymentInductionDocumentService" name="testAddCandidateInductionDocument" time="0.003"/>
</testsuite> <!-- test.TestEmploymentInductionDocumentService -->
