<?xml version="1.0" encoding="UTF-8"?>
<!-- Generated by org.testng.reporters.JUnitReportReporter -->
<testsuite hostname="PENNANT-VSP211" failures="0" tests="5" name="test.TestReferenceDocumentDAOImpl" time="0.047" errors="0" timestamp="2023-07-07T15:55:48 IST" skipped="0">
  <testcase classname="test.TestReferenceDocumentDAOImpl" name="testSave" time="0.005"/>
  <testcase classname="test.TestReferenceDocumentDAOImpl" name="testDeleteById" time="0.003"/>
  <testcase classname="test.TestReferenceDocumentDAOImpl" name="testFindById" time="0.003"/>
  <testcase classname="test.TestReferenceDocumentDAOImpl" name="testGetDOCIndex" time="0.002"/>
  <testcase classname="test.TestReferenceDocumentDAOImpl" name="testGetIndex" time="0.034"/>
</testsuite> <!-- test.TestReferenceDocumentDAOImpl -->
