<?xml version="1.0" encoding="UTF-8"?>
<!-- Generated by org.testng.reporters.JUnitReportReporter -->
<testsuite hostname="PENNANT-VSP211" failures="0" tests="10" name="test.ApplyPermissionDAOImplTest" time="5.538" errors="0" timestamp="2023-07-07T15:55:48 IST" skipped="0">
  <testcase classname="test.ApplyPermissionDAOImplTest" name="testGetEmployeeAndPermissionRequestDataCountPerMonth" time="0.005"/>
  <testcase classname="test.ApplyPermissionDAOImplTest" name="testGetEmployeeAndPermissionRequestData" time="0.293"/>
  <testcase classname="test.ApplyPermissionDAOImplTest" name="testGetPermissionByIdAndIndex" time="0.006"/>
  <testcase classname="test.ApplyPermissionDAOImplTest" name="testAppliedPermissions" time="0.196"/>
  <testcase classname="test.ApplyPermissionDAOImplTest" name="testGetEmployeeAndPermissionRequestData_NoResult" time="0.010"/>
  <testcase classname="test.ApplyPermissionDAOImplTest" name="testGetEmployeeApprovedPermissionsCount" time="0.006"/>
  <testcase classname="test.ApplyPermissionDAOImplTest" name="testGetPermissionByIdAndIndex_NoResult" time="4.834"/>
  <testcase classname="test.ApplyPermissionDAOImplTest" name="testGetNextPermissionIndex" time="0.013"/>
  <testcase classname="test.ApplyPermissionDAOImplTest" name="testGetEmployeesByHRAndManager" time="0.170"/>
  <testcase classname="test.ApplyPermissionDAOImplTest" name="testPersist" time="0.005"/>
</testsuite> <!-- test.ApplyPermissionDAOImplTest -->
