<?xml version="1.0" encoding="UTF-8"?>
<!-- Generated by org.testng.reporters.JUnitReportReporter -->
<testsuite hostname="PENNANT-VSP211" failures="0" tests="4" name="test.TestReferenceDocumentServiceImpl" time="0.007" errors="0" timestamp="2023-07-07T15:55:47 IST" skipped="0">
  <testcase classname="test.TestReferenceDocumentServiceImpl" name="testGetReferenceDocumentById" time="0.002"/>
  <testcase classname="test.TestReferenceDocumentServiceImpl" name="testDeleteReferenceDocument" time="0.002"/>
  <testcase classname="test.TestReferenceDocumentServiceImpl" name="testAddReferenceDocument" time="0.002"/>
  <testcase classname="test.TestReferenceDocumentServiceImpl" name="testGetAllDocuments" time="0.001"/>
</testsuite> <!-- test.TestReferenceDocumentServiceImpl -->
