<?xml version="1.0" encoding="UTF-8"?>
<!-- Generated by org.testng.reporters.JUnitReportReporter -->
<testsuite hostname="PENNANT-VSP211" failures="0" tests="8" name="test.EmployeeAttendanceServiceTest" time="0.812" errors="0" timestamp="2023-07-07T15:55:47 IST" skipped="0">
  <testcase classname="test.EmployeeAttendanceServiceTest" name="testGetYears" time="0.069"/>
  <testcase classname="test.EmployeeAttendanceServiceTest" name="testGetAvgPunchInAndOut_WithNoPunchData_ReturnsEmptyList" time="0.088"/>
  <testcase classname="test.EmployeeAttendanceServiceTest" name="testCalculateAttendance" time="0.104"/>
  <testcase classname="test.EmployeeAttendanceServiceTest" name="testConvertToDateTime_WhenCellDoesNotContainDateTime_ReturnsNull" time="0.006"/>
  <testcase classname="test.EmployeeAttendanceServiceTest" name="testInsertEmployeeAttendance" time="0.006"/>
  <testcase classname="test.EmployeeAttendanceServiceTest" name="testConvertToDateTime_WhenCellContainsDateTime_ReturnsDateTimeValue" time="0.005"/>
  <testcase classname="test.EmployeeAttendanceServiceTest" name="testGetYesterdayPunchData" time="0.145"/>
  <testcase classname="test.EmployeeAttendanceServiceTest" name="testGetAvgPunchInAndOut_WithValidData_ReturnsAveragePunchInAndOutTimes" time="0.389"/>
</testsuite> <!-- test.EmployeeAttendanceServiceTest -->
