<?xml version="1.0" encoding="UTF-8"?>
<!-- Generated by org.testng.reporters.JUnitReportReporter -->
<testsuite hostname="PENNANT-VSP211" failures="0" tests="12" name="test.PayRollServiceImplTest" time="0.019" errors="0" timestamp="2023-07-07T15:55:48 IST" skipped="0">
  <testcase classname="test.PayRollServiceImplTest" name="testCalculateNetPay" time="0.002"/>
  <testcase classname="test.PayRollServiceImplTest" name="testCalculateGratuity" time="0.001"/>
  <testcase classname="test.PayRollServiceImplTest" name="testCalculatePF" time="0.002"/>
  <testcase classname="test.PayRollServiceImplTest" name="testCalculateDA" time="0.002"/>
  <testcase classname="test.PayRollServiceImplTest" name="testCalculateDeductions" time="0.002"/>
  <testcase classname="test.PayRollServiceImplTest" name="testCalculateBasicPay" time="0.002"/>
  <testcase classname="test.PayRollServiceImplTest" name="testCalculateHRA" time="0.002"/>
  <testcase classname="test.PayRollServiceImplTest" name="testCalculateTotalPay" time="0.002"/>
  <testcase classname="test.PayRollServiceImplTest" name="testCalculateTax" time="0.001"/>
  <testcase classname="test.PayRollServiceImplTest" name="testCalculateAdditions" time="0.001"/>
  <testcase classname="test.PayRollServiceImplTest" name="testCalculateTA" time="0.001"/>
  <testcase classname="test.PayRollServiceImplTest" name="testCalculateESI" time="0.001"/>
</testsuite> <!-- test.PayRollServiceImplTest -->
