<?xml version="1.0" encoding="UTF-8"?>
<!-- Generated by org.testng.reporters.JUnitReportReporter -->
<testsuite hostname="PENNANT-VSP211" failures="0" tests="3" name="test.TestEmploymentInductionDocDAOImpl" time="0.081" errors="0" timestamp="2023-07-07T15:55:48 IST" skipped="0">
  <testcase classname="test.TestEmploymentInductionDocDAOImpl" name="testAddEmploymentInductionDocument" time="0.070"/>
  <testcase classname="test.TestEmploymentInductionDocDAOImpl" name="testGetAllDocuments" time="0.007"/>
  <testcase classname="test.TestEmploymentInductionDocDAOImpl" name="testGetDocTypeList" time="0.004"/>
</testsuite> <!-- test.TestEmploymentInductionDocDAOImpl -->
