<?xml version="1.0" encoding="UTF-8"?>
<!-- Generated by org.testng.reporters.JUnitReportReporter -->
<testsuite hostname="PENNANT-VSP211" failures="0" tests="3" name="test.CandidateDAOImplTest" time="0.020" errors="0" timestamp="2023-07-07T15:55:47 IST" skipped="0">
  <testcase classname="test.CandidateDAOImplTest" name="testGetCandidateById" time="0.005"/>
  <testcase classname="test.CandidateDAOImplTest" name="testGetAllCandidates" time="0.008"/>
  <testcase classname="test.CandidateDAOImplTest" name="testSaveCandidate" time="0.007"/>
</testsuite> <!-- test.CandidateDAOImplTest -->
