<?xml version="1.0" encoding="UTF-8"?>
<!-- Generated by org.testng.reporters.JUnitReportReporter -->
<testsuite hostname="PENNANT-VSP211" failures="0" tests="3" name="test.OfferLetterControllerTest" time="0.193" errors="0" timestamp="2023-07-07T15:55:48 IST" skipped="0">
  <testcase classname="test.OfferLetterControllerTest" name="testGetOfferLetterProvidedCandidates" time="0.188"/>
  <testcase classname="test.OfferLetterControllerTest" name="testSendOfferMail" time="0.002"/>
  <testcase classname="test.OfferLetterControllerTest" name="testGetIssuingCandidates" time="0.003"/>
</testsuite> <!-- test.OfferLetterControllerTest -->
