<?xml version="1.0" encoding="UTF-8"?>
<!-- Generated by org.testng.reporters.JUnitReportReporter -->
<testsuite hostname="PENNANT-VSP211" failures="0" tests="3" name="test.PayRollDAOImplTest" time="0.014" errors="0" timestamp="2023-07-07T15:55:48 IST" skipped="0">
  <testcase classname="test.PayRollDAOImplTest" name="testGetEmployeePayslipsByEmployeeIdAndMonthYear" time="0.004"/>
  <testcase classname="test.PayRollDAOImplTest" name="testInsertEmployeePayslip" time="0.006"/>
  <testcase classname="test.PayRollDAOImplTest" name="testGetEmployeePayslipsByEmployeeId" time="0.004"/>
</testsuite> <!-- test.PayRollDAOImplTest -->
